
Showing logs for build [32mcb-kubecd-environment-pr-164-94-bqd8x-1[0m stage [32mfrom-build-pack[0m and container [32mstep-credential-initializer-h2xq2[0m
{"level":"warn","ts":1582331827.72509,"logger":"fallback-logger","caller":"logging/config.go:69","msg":"Fetch GitHub commit ID from kodata failed: \"ref: refs/heads/0.8.0-**-support-backwards-incompats\" is not a valid GitHub commit ID"}
{"level":"info","ts":1582331827.7256405,"logger":"fallback-logger","caller":"creds-init/main.go:40","msg":"Credentials initialized."}

Showing logs for build [32mcb-kubecd-environment-pr-164-94-bqd8x-1[0m stage [32mfrom-build-pack[0m and container [32mstep-working-dir-initializer-xp98z[0m
{"level":"warn","ts":1582331829.0662472,"logger":"fallback-logger","caller":"logging/config.go:69","msg":"Fetch GitHub commit ID from kodata failed: open /var/run/ko/HEAD: no such file or directory"}
{"level":"info","ts":1582331829.072816,"logger":"fallback-logger","caller":"bash/main.go:64","msg":"Successfully executed command \"sh -c mkdir -p /workspace/source\"; output "}

Showing logs for build [32mcb-kubecd-environment-pr-164-94-bqd8x-1[0m stage [32mfrom-build-pack[0m and container [32mstep-place-tools[0m

Showing logs for build [32mcb-kubecd-environment-pr-164-94-bqd8x-1[0m stage [32mfrom-build-pack[0m and container [32mstep-git-source-cb-kubecd-environment-pr-164-94-bqd8x-v5t2k[0m
{"level":"warn","ts":1582331859.3151689,"logger":"fallback-logger","caller":"logging/config.go:69","msg":"Fetch GitHub commit ID from kodata failed: \"ref: refs/heads/0.8.0-**-support-backwards-incompats\" is not a valid GitHub commit ID"}
{"level":"info","ts":1582331860.9124837,"logger":"fallback-logger","caller":"git/git.go:103","msg":"Successfully cloned https://github.com/cb-kubecd/environment-pr-164-94-boot-gke-production.git @ master in path /workspace/source"}

Showing logs for build [32mcb-kubecd-environment-pr-164-94-bqd8x-1[0m stage [32mfrom-build-pack[0m and container [32mstep-git-merge[0m
Using SHAs from PULL_REFS=master:c041c8d4dd8806df1bb7f1742f13b473e92423c3,1:5f00d08ec2b9e5ac1c9f1b666b71ee6c20b85819
DEBUG: LC_ALL=C JX_LOG_LEVEL=error git fetch origin --unshallow 5f00d08ec2b9e5ac1c9f1b666b71ee6c20b85819: c041c8d4dd8806df1bb7f1742f13b473e92423c3:
DEBUG: ran git fetch --unshallow origin 5f00d08ec2b9e5ac1c9f1b666b71ee6c20b85819: c041c8d4dd8806df1bb7f1742f13b473e92423c3: in 
DEBUG: JX_LOG_LEVEL=error LC_ALL=C git branch
DEBUG: LC_ALL=C JX_LOG_LEVEL=error git checkout master
DEBUG: ran git checkout master in 
DEBUG: LC_ALL=C JX_LOG_LEVEL=error git reset --hard c041c8d4dd8806df1bb7f1742f13b473e92423c3
DEBUG: ran git reset --hard c041c8d4dd8806df1bb7f1742f13b473e92423c3 in 
DEBUG: LC_ALL=C JX_LOG_LEVEL=error git clean -fd .
DEBUG: ran clean --force -d . in 
DEBUG: LC_ALL=C JX_LOG_LEVEL=error git merge 5f00d08ec2b9e5ac1c9f1b666b71ee6c20b85819
DEBUG: ran git merge 5f00d08ec2b9e5ac1c9f1b666b71ee6c20b85819 in 
DEBUG: LC_ALL=C JX_LOG_LEVEL=error git log --format=%H%x1f%an%x1f%ae%x1f%cn%x1f%ce%x1f%s%n%b%x1e c041c8d4dd8806df1bb7f1742f13b473e92423c3..HEAD
Merged SHA 5f00d08ec2b9e5ac1c9f1b666b71ee6c20b85819 with commit message 'chore: Promote bdd-spring-1582330998 to version 0.0.1' into base branch master

Showing logs for build [32mcb-kubecd-environment-pr-164-94-bqd8x-1[0m stage [32mfrom-build-pack[0m and container [32mstep-build-helm-build[0m
WARNING: No $CHART_REPOSITORY defined so using the default value of: http://jenkins-x-chartmuseum:8080
Adding missing Helm repo: storage.googleapis.com https://storage.googleapis.com/chartmuseum.jenkins-x.io
WARNING: No secrets found on "helm/repos" due: reading the secret "helm/repos" from vault: no secret "helm/repos" not found in vault
Read credentials for https://storage.googleapis.com/chartmuseum.jenkins-x.io from vault helm/repos
Successfully added Helm repository storage.googleapis.com.
Adding missing Helm repo: jenkins-x-chartmuseum http://jenkins-x-chartmuseum:8080
WARNING: No secrets found on "helm/repos" due: reading the secret "helm/repos" from vault: no secret "helm/repos" not found in vault
Read credentials for http://jenkins-x-chartmuseum:8080 from vault helm/repos
Successfully added Helm repository jenkins-x-chartmuseum.
WARNING: No $CHART_REPOSITORY defined so using the default value of: http://jenkins-x-chartmuseum:8080
Adding missing Helm repo: chartmuseum.jenkins-x.io http://chartmuseum.jenkins-x.io
WARNING: No secrets found on "helm/repos" due: reading the secret "helm/repos" from vault: no secret "helm/repos" not found in vault
Read credentials for http://chartmuseum.jenkins-x.io from vault helm/repos
Successfully added Helm repository chartmuseum.jenkins-x.io.
